<?xml version="1.0" encoding="UTF-8" standalone="yes"?><!DOCTYPE report PUBLIC "-//JACOCO//DTD Report 1.1//EN" "report.dtd"><report name="SystemAccountRepository"><sessioninfo id="DESKTOP-9KEVP0O-2fe19c74" start="1633893437935" dump="1633893441657"/><package name="za/ac/nwu/ac/persistence"><class name="za/ac/nwu/ac/persistence/AccountTypeRepository" sourcefilename="AccountTypeRepository.java"/><class name="za/ac/nwu/ac/persistence/AccountTransactionRepository" sourcefilename="AccountTransactionRepository.java"/><sourcefile name="AccountTypeRepository.java"/><sourcefile name="AccountTransactionRepository.java"/></package><package name="za/ac/nwu/ac/config"><class name="za/ac/nwu/ac/config/RepositoryConfig" sourcefilename="RepositoryConfig.java"><method name="&lt;init&gt;" desc="()V" line="16"><counter type="INSTRUCTION" missed="3" covered="0"/><counter type="LINE" missed="1" covered="0"/><counter type="COMPLEXITY" missed="1" covered="0"/><counter type="METHOD" missed="1" covered="0"/></method><counter type="INSTRUCTION" missed="3" covered="0"/><counter type="LINE" missed="1" covered="0"/><counter type="COMPLEXITY" missed="1" covered="0"/><counter type="METHOD" missed="1" covered="0"/><counter type="CLASS" missed="1" covered="0"/></class><sourcefile name="RepositoryConfig.java"><line nr="16" mi="3" ci="0" mb="0" cb="0"/><counter type="INSTRUCTION" missed="3" covered="0"/><counter type="LINE" missed="1" covered="0"/><counter type="COMPLEXITY" missed="1" covered="0"/><counter type="METHOD" missed="1" covered="0"/><counter type="CLASS" missed="1" covered="0"/></sourcefile><counter type="INSTRUCTION" missed="3" covered="0"/><counter type="LINE" missed="1" covered="0"/><counter type="COMPLEXITY" missed="1" covered="0"/><counter type="METHOD" missed="1" covered="0"/><counter type="CLASS" missed="1" covered="0"/></package><counter type="INSTRUCTION" missed="3" covered="0"/><counter type="LINE" missed="1" covered="0"/><counter type="COMPLEXITY" missed="1" covered="0"/><counter type="METHOD" missed="1" covered="0"/><counter type="CLASS" missed="1" covered="0"/></report>